<?xml version="1.0" encoding="UTF-8"?>
<!-- Generated by org.testng.reporters.JUnitReportReporter -->
<testsuite skipped="0" hostname="NSWSYDNLP224" name="com.cc2.tests.HomePageTest" tests="1" failures="0" timestamp="2019-10-28T10:48:47 AEDT" time="32.604" errors="0">
  <testcase name="step1" time="32.604" classname="com.cc2.tests.HomePageTest"/>
</testsuite> <!-- com.cc2.tests.HomePageTest -->
